<?xml version="1.0" encoding="UTF-8"?>
<testsuite xmlns:xsi="http://www.w3.org/2001/XMLSchema-instance" xsi:noNamespaceSchemaLocation="https://maven.apache.org/surefire/maven-surefire-plugin/xsd/surefire-test-report-3.0.xsd" version="3.0" name="tp.projetpappl.controllers.AffichageControllerTest" time="0.151" tests="3" errors="0" skipped="0" failures="0">
  <properties>
[...]
</properties>
  <testcase name="testListHDebut" classname="tp.projetpappl.controllers.AffichageControllerTest" time="0.049">
    <system-out><![CDATA[listHDebut
]]></system-out>
  </testcase>
  <testcase name="testAddSeanceLigne" classname="tp.projetpappl.controllers.AffichageControllerTest" time="0.004">
    <system-out><![CDATA[addSeanceLigne
]]></system-out>
  </testcase>
  <testcase name="testTransform" classname="tp.projetpappl.controllers.AffichageControllerTest" time="0.003">
    <system-out><![CDATA[transform
]]></system-out>
  </testcase>
</testsuite>